2025-04-08 08:50:58 [ERROR]: Token verification failed | {"error":"jwt expired"}
2025-04-08 08:52:15 [ERROR]: Token verification failed | {"error":"jwt expired"}
2025-04-08 08:53:22 [ERROR]: Token verification failed | {"error":"jwt expired"}
2025-04-08 08:55:04 [ERROR]: Token verification failed | {"error":"jwt expired"}
2025-04-08 09:21:13 [ERROR]: Token verification failed | {"error":"jwt expired"}
2025-04-20 11:27:25 [ERROR]: Token verification failed | {"error":"jwt malformed"}
2025-04-20 11:27:28 [ERROR]: Token verification failed | {"error":"jwt malformed"}
2025-04-20 11:27:37 [ERROR]: Token verification failed | {"error":"jwt malformed"}
2025-04-20 11:35:00 [ERROR]: Token verification failed | {"error":"jwt malformed"}
2025-04-20 11:35:05 [ERROR]: Token verification failed | {"error":"jwt malformed"}
2025-04-20 11:46:43 [ERROR]: Token verification failed | {"error":"jwt malformed"}
2025-04-20 13:35:50 [ERROR]: Token verification failed | {"error":"jwt malformed"}
2025-04-20 13:35:55 [ERROR]: Token verification failed | {"error":"jwt malformed"}
2025-04-22 19:19:15 [ERROR]: Token verification failed | {"error":"jwt malformed"}
2025-04-22 19:21:39 [ERROR]: Token verification failed | {"error":"jwt malformed"}
2025-04-22 19:28:50 [ERROR]: Token verification failed | {"error":"jwt malformed"}
2025-04-22 19:30:55 [ERROR]: Token verification failed | {"error":"jwt malformed"}
2025-04-30 19:49:08 [ERROR]: Token verification failed | {"error":"jwt malformed"}
2025-04-30 19:49:22 [ERROR]: Token verification failed | {"error":"jwt malformed"}
2025-04-30 19:49:28 [ERROR]: Token verification failed | {"error":"jwt malformed"}
2025-04-30 19:49:33 [ERROR]: Token verification failed | {"error":"jwt malformed"}
2025-04-30 19:50:57 [ERROR]: Token verification failed | {"error":"jwt malformed"}
2025-04-30 19:51:07 [ERROR]: Token verification failed | {"error":"jwt malformed"}
2025-04-30 19:51:10 [ERROR]: Token verification failed | {"error":"jwt malformed"}
2025-05-01 20:19:24 [ERROR]: Token verification failed | {"error":"jwt malformed"}
2025-05-01 20:21:28 [ERROR]: Token verification failed | {"error":"jwt malformed"}
2025-05-01 20:25:13 [ERROR]: Token verification failed | {"error":"jwt malformed"}
2025-05-02 11:54:44 [ERROR]: Token verification failed | {"error":"jwt malformed"}
2025-05-02 11:56:55 [ERROR]: Token verification failed | {"error":"jwt malformed"}
2025-05-02 11:58:08 [ERROR]: Token verification failed | {"error":"jwt malformed"}
2025-05-02 11:59:26 [ERROR]: Token verification failed | {"error":"jwt malformed"}
2025-05-13 20:41:06 [ERROR]: Token verification failed | {"error":"Client must be connected before running operations"}
2025-05-14 19:41:32 [ERROR]: Token verification failed | {"error":"Client must be connected before running operations"}
2025-05-14 19:41:33 [ERROR]: Token verification failed | {"error":"Client must be connected before running operations"}
2025-05-14 19:41:46 [ERROR]: Token verification failed | {"error":"Client must be connected before running operations"}
2025-05-14 19:41:47 [ERROR]: Token verification failed | {"error":"Client must be connected before running operations"}
2025-05-20 10:53:11 [ERROR]: Token verification failed | {"error":"User.findById(...).select is not a function"}
2025-05-20 10:53:11 [ERROR]: Token verification failed | {"error":"User.findById(...).select is not a function"}
2025-05-20 10:53:11 [ERROR]: Token verification failed | {"error":"User.findById(...).select is not a function"}
2025-05-20 10:53:11 [ERROR]: Token verification failed | {"error":"User.findById(...).select is not a function"}
2025-05-20 10:55:51 [ERROR]: Token verification failed | {"error":"User.findById(...).select is not a function"}
2025-05-20 10:55:51 [ERROR]: Token verification failed | {"error":"User.findById(...).select is not a function"}
2025-05-20 10:55:51 [ERROR]: Token verification failed | {"error":"User.findById(...).select is not a function"}
2025-05-20 10:57:51 [ERROR]: Token verification failed | {"error":"User.findById(...).select is not a function"}
2025-05-20 10:57:51 [ERROR]: Token verification failed | {"error":"User.findById(...).select is not a function"}
2025-05-20 10:57:51 [ERROR]: Token verification failed | {"error":"User.findById(...).select is not a function"}
2025-05-20 10:59:43 [ERROR]: Token verification failed | {"error":"User.findById(...).select is not a function"}
2025-05-20 10:59:43 [ERROR]: Token verification failed | {"error":"User.findById(...).select is not a function"}
2025-05-20 10:59:43 [ERROR]: Token verification failed | {"error":"User.findById(...).select is not a function"}
2025-05-20 11:02:08 [ERROR]: Token verification failed | {"error":"User.findById(...).select is not a function"}
2025-05-20 11:02:08 [ERROR]: Token verification failed | {"error":"User.findById(...).select is not a function"}
2025-05-20 11:02:08 [ERROR]: Token verification failed | {"error":"User.findById(...).select is not a function"}
2025-05-20 11:10:21 [ERROR]: Token verification failed | {"error":"User.findById(...).select is not a function"}
2025-05-20 11:16:44 [ERROR]: Token verification failed | {"error":"User.findById(...).select is not a function"}
2025-05-20 11:16:44 [ERROR]: Token verification failed | {"error":"User.findById(...).select is not a function"}
2025-05-20 11:19:39 [ERROR]: Token verification failed | {"error":"User.findById(...).select is not a function"}
2025-05-20 11:19:39 [ERROR]: Token verification failed | {"error":"User.findById(...).select is not a function"}
2025-05-20 11:19:39 [ERROR]: Token verification failed | {"error":"User.findById(...).select is not a function"}
2025-05-20 11:25:58 [ERROR]: Token verification failed | {"error":"User.findById(...).select is not a function"}
2025-05-20 11:25:58 [ERROR]: Token verification failed | {"error":"User.findById(...).select is not a function"}
2025-05-20 11:29:35 [ERROR]: Token verification failed | {"error":"User.findById(...).select is not a function"}
2025-05-20 11:29:35 [ERROR]: Token verification failed | {"error":"User.findById(...).select is not a function"}
2025-05-20 11:35:06 [ERROR]: Token verification failed | {"error":"User.findById(...).select is not a function"}
2025-05-20 11:35:06 [ERROR]: Token verification failed | {"error":"User.findById(...).select is not a function"}
2025-05-20 11:54:28 [ERROR]: Token verification failed | {"error":"User.findById(...).select is not a function"}
2025-05-20 11:54:28 [ERROR]: Token verification failed | {"error":"User.findById(...).select is not a function"}
2025-05-20 12:01:26 [ERROR]: Token verification failed | {"error":"User.findById(...).select is not a function"}
2025-05-20 12:01:26 [ERROR]: Token verification failed | {"error":"User.findById(...).select is not a function"}
2025-05-20 12:01:29 [ERROR]: Token verification failed | {"error":"User.findById(...).select is not a function"}
2025-05-20 12:01:29 [ERROR]: Token verification failed | {"error":"User.findById(...).select is not a function"}
2025-05-20 12:08:41 [ERROR]: Token verification failed | {"error":"User.findById(...).select is not a function"}
2025-05-20 12:17:33 [ERROR]: Token verification failed | {"error":"specificMockImpl.apply is not a function"}
2025-05-20 12:17:33 [ERROR]: Token verification failed | {"error":"specificMockImpl.apply is not a function"}
2025-05-20 12:17:36 [ERROR]: Token verification failed | {"error":"specificMockImpl.apply is not a function"}
2025-05-20 12:17:36 [ERROR]: Token verification failed | {"error":"specificMockImpl.apply is not a function"}
2025-05-20 12:19:00 [ERROR]: Token verification failed | {"error":"specificMockImpl.apply is not a function"}
2025-05-20 12:19:00 [ERROR]: Token verification failed | {"error":"specificMockImpl.apply is not a function"}
2025-05-20 12:19:02 [ERROR]: Token verification failed | {"error":"specificMockImpl.apply is not a function"}
2025-05-20 12:19:02 [ERROR]: Token verification failed | {"error":"specificMockImpl.apply is not a function"}
2025-05-20 13:20:48 [ERROR]: Token verification failed | {"error":"invalid"}
2025-05-20 13:20:48 [ERROR]: Token verification failed | {"error":"oops"}
2025-05-20 13:23:47 [ERROR]: Token verification failed | {"error":"invalid"}
2025-05-20 13:23:47 [ERROR]: Token verification failed | {"error":"oops"}
2025-05-20 13:24:09 [ERROR]: Token verification failed | {"error":"invalid"}
2025-05-20 13:24:09 [ERROR]: Token verification failed | {"error":"oops"}
2025-05-23 12:22:35 [ERROR]: Token verification failed | {"error":"invalid"}
2025-05-23 12:22:35 [ERROR]: Token verification failed | {"error":"oops"}
